<?xml version="1.0" encoding="UTF-8"?>
<robot generator="Robot 6.0.2 (Python 3.11.2 on win32)" generated="20230510 14:04:47.761" rpa="false" schemaversion="3">
<suite id="s1" name="Search Flights" source="C:\Users\DanAn\Desktop\ett_ta_2023\10052023\ex3\search_flights\search_flights.robot">
<kw name="Open" library="SearchFlightPage" type="SETUP">
<status status="PASS" starttime="20230510 14:04:52.182" endtime="20230510 14:04:53.398"/>
</kw>
<test id="s1-t1" name="The user can search for flights" line="7">
<kw name="Select Departure City" library="SearchFlightPage">
<arg>Mexico City</arg>
<status status="PASS" starttime="20230510 14:04:53.398" endtime="20230510 14:04:53.618"/>
</kw>
<kw name="Select Destination City" library="SearchFlightPage">
<arg>London</arg>
<status status="PASS" starttime="20230510 14:04:53.618" endtime="20230510 14:04:53.837"/>
</kw>
<kw name="Search For Flights" library="SearchFlightPage">
<status status="PASS" starttime="20230510 14:04:53.838" endtime="20230510 14:04:54.206"/>
</kw>
<kw name="Get Found Flights" library="SearchFlightPage">
<var>@{flights}</var>
<msg timestamp="20230510 14:04:54.210" level="INFO">@{flights} = [ &lt;selenium.webdriver.remote.webelement.WebElement (session="bb88e0e5-1e41-45e7-978d-b5794339299a", element="81962bc9-9d00-41ad-bf65-3395c144c90f")&gt; | &lt;selenium.webdriver.remote.webelement.WebElement ...</msg>
<status status="PASS" starttime="20230510 14:04:54.207" endtime="20230510 14:04:54.210"/>
</kw>
<kw name="Should Not Be Empty" library="BuiltIn">
<arg>${flights}</arg>
<doc>Verifies that the given item is not empty.</doc>
<msg timestamp="20230510 14:04:54.211" level="INFO">Length is 5</msg>
<status status="PASS" starttime="20230510 14:04:54.211" endtime="20230510 14:04:54.211"/>
</kw>
<status status="PASS" starttime="20230510 14:04:53.398" endtime="20230510 14:04:54.211"/>
</test>
<kw name="Close" library="SearchFlightPage" type="TEARDOWN">
<status status="PASS" starttime="20230510 14:04:54.212" endtime="20230510 14:04:56.680"/>
</kw>
<status status="PASS" starttime="20230510 14:04:47.762" endtime="20230510 14:04:56.680"/>
</suite>
<statistics>
<total>
<stat pass="1" fail="0" skip="0">All Tests</stat>
</total>
<tag>
</tag>
<suite>
<stat pass="1" fail="0" skip="0" id="s1" name="Search Flights">Search Flights</stat>
</suite>
</statistics>
<errors>
</errors>
</robot>
